<!DOCTYPE html PUBLIC "-//W3C//DTD XHTML 1.1//EN" "http://www.w3.org/TR/xhtml11/DTD/xhtml11.dtd">
<html xmlns="http://www.w3.org/1999/xhtml"><head><title>TestNG Report</title><style type="text/css">table {margin-bottom:10px;border-collapse:collapse;empty-cells:show}th,td {border:1px solid #009;padding:.25em .5em}th {vertical-align:bottom}td {vertical-align:top}table a {font-weight:bold}.stripe td {background-color: #E6EBF9}.num {text-align:right}.passedodd td {background-color: #3F3}.passedeven td {background-color: #0A0}.skippedodd td {background-color: #DDD}.skippedeven td {background-color: #CCC}.failedodd td,.attn {background-color: #F33}.failedeven td,.stripe .attn {background-color: #D00}.stacktrace {white-space:pre;font-family:monospace}.totop {font-size:85%;text-align:center;border-bottom:2px solid #000}</style></head><body><table><tr><th>Test</th><th># Passed</th><th># Skipped</th><th># Failed</th><th>Time (ms)</th><th>Included Groups</th><th>Excluded Groups</th></tr><tr><th colspan="7">Default suite</th></tr><tr><td><a href="#t0">Default test</a></td><td class="num">14</td><td class="num">0</td><td class="num attn">6</td><td class="num">79</td><td></td><td></td></tr></table><table><thead><tr><th>Class</th><th>Method</th><th>Start</th><th>Time (ms)</th></tr></thead><tbody><tr><th colspan="4">Default suite</th></tr></tbody><tbody id="t0"><tr><th colspan="4">Default test &#8212; failed</th></tr><tr class="failedeven"><td rowspan="6">src.DataStructures.BStTreeTest</td><td><a href="#m0">f</a></td><td rowspan="1">1476343695156</td><td rowspan="1">6</td></tr><tr class="failedeven"><td><a href="#m1">insertRecursive</a></td><td rowspan="1">1476343695190</td><td rowspan="1">1</td></tr><tr class="failedeven"><td><a href="#m2">postOrderTraverse</a></td><td rowspan="1">1476343695193</td><td rowspan="1">1</td></tr><tr class="failedeven"><td><a href="#m3">preOrderTraverse</a></td><td rowspan="1">1476343695195</td><td rowspan="1">1</td></tr><tr class="failedeven"><td><a href="#m4">search</a></td><td rowspan="1">1476343695199</td><td rowspan="1">1</td></tr><tr class="failedeven"><td><a href="#m5">searchRecurrsive</a></td><td rowspan="1">1476343695187</td><td rowspan="1">1</td></tr><tr><th colspan="4">Default test &#8212; passed</th></tr><tr class="passedeven"><td rowspan="14">src.DataStructures.BStTreeTest</td><td><a href="#m6">inorder</a></td><td rowspan="7">1476343695209</td><td rowspan="7">1</td></tr><tr class="passedeven"><td><a href="#m7">inorder</a></td></tr><tr class="passedeven"><td><a href="#m8">inorder</a></td></tr><tr class="passedeven"><td><a href="#m9">inorder</a></td></tr><tr class="passedeven"><td><a href="#m10">inorder</a></td></tr><tr class="passedeven"><td><a href="#m11">inorder</a></td></tr><tr class="passedeven"><td><a href="#m12">inorder</a></td></tr><tr class="passedeven"><td><a href="#m13">insert</a></td><td rowspan="7">1476343695174</td><td rowspan="7">1</td></tr><tr class="passedeven"><td><a href="#m14">insert</a></td></tr><tr class="passedeven"><td><a href="#m15">insert</a></td></tr><tr class="passedeven"><td><a href="#m16">insert</a></td></tr><tr class="passedeven"><td><a href="#m17">insert</a></td></tr><tr class="passedeven"><td><a href="#m18">insert</a></td></tr><tr class="passedeven"><td><a href="#m19">insert</a></td></tr></tbody></table><h2>Default test</h2><h3 id="m0">src.DataStructures.BStTreeTest#f</h3><table class="result"><tr><th>Exception</th></tr><tr><td><div class="stacktrace">org.testng.TestNGException: 
The data provider is trying to pass 1 parameters but the method src.DataStructures.BStTreeTest#f takes 2 and TestNG is unable in inject a suitable object
	at org.testng.internal.Invoker.injectParameters(Invoker.java:1255)
	at org.testng.internal.Invoker.invokeTestMethods(Invoker.java:1124)
	at org.testng.internal.TestMethodWorker.invokeTestMethods(TestMethodWorker.java:129)
	at org.testng.internal.TestMethodWorker.run(TestMethodWorker.java:112)
	at org.testng.TestRunner.privateRun(TestRunner.java:782)
	at org.testng.TestRunner.run(TestRunner.java:632)
	at org.testng.SuiteRunner.runTest(SuiteRunner.java:366)
	at org.testng.SuiteRunner.runSequentially(SuiteRunner.java:361)
	at org.testng.SuiteRunner.privateRun(SuiteRunner.java:319)
	at org.testng.SuiteRunner.run(SuiteRunner.java:268)
	at org.testng.SuiteRunnerWorker.runSuite(SuiteRunnerWorker.java:52)
	at org.testng.SuiteRunnerWorker.run(SuiteRunnerWorker.java:86)
	at org.testng.TestNG.runSuitesSequentially(TestNG.java:1244)
	at org.testng.TestNG.runSuitesLocally(TestNG.java:1169)
	at org.testng.TestNG.run(TestNG.java:1064)
	at org.testng.remote.RemoteTestNG.run(RemoteTestNG.java:113)
	at org.testng.remote.RemoteTestNG.initAndRun(RemoteTestNG.java:206)
	at org.testng.remote.RemoteTestNG.main(RemoteTestNG.java:177)
Caused by: java.lang.ArrayIndexOutOfBoundsException: 1
	at org.testng.internal.Invoker.injectParameters(Invoker.java:1251)
	... 17 more
</div></td></tr></table><p class="totop"><a href="#summary">back to summary</a></p><h3 id="m1">src.DataStructures.BStTreeTest#insertRecursive</h3><table class="result"><tr><th>Exception</th></tr><tr><td><div class="stacktrace">java.lang.RuntimeException: Test not implemented
	at src.DataStructures.BStTreeTest.insertRecursive(BStTreeTest.java:55)
	at sun.reflect.NativeMethodAccessorImpl.invoke0(Native Method)
	at sun.reflect.NativeMethodAccessorImpl.invoke(NativeMethodAccessorImpl.java:62)
	at sun.reflect.DelegatingMethodAccessorImpl.invoke(DelegatingMethodAccessorImpl.java:43)
	at java.lang.reflect.Method.invoke(Method.java:497)
	at org.testng.internal.MethodInvocationHelper.invokeMethod(MethodInvocationHelper.java:86)
	at org.testng.internal.Invoker.invokeMethod(Invoker.java:645)
	at org.testng.internal.Invoker.invokeTestMethod(Invoker.java:822)
	at org.testng.internal.Invoker.invokeTestMethods(Invoker.java:1130)
	at org.testng.internal.TestMethodWorker.invokeTestMethods(TestMethodWorker.java:129)
	at org.testng.internal.TestMethodWorker.run(TestMethodWorker.java:112)
	at org.testng.TestRunner.privateRun(TestRunner.java:782)
	at org.testng.TestRunner.run(TestRunner.java:632)
	at org.testng.SuiteRunner.runTest(SuiteRunner.java:366)
	at org.testng.SuiteRunner.runSequentially(SuiteRunner.java:361)
	at org.testng.SuiteRunner.privateRun(SuiteRunner.java:319)
	at org.testng.SuiteRunner.run(SuiteRunner.java:268)
	at org.testng.SuiteRunnerWorker.runSuite(SuiteRunnerWorker.java:52)
	at org.testng.SuiteRunnerWorker.run(SuiteRunnerWorker.java:86)
	at org.testng.TestNG.runSuitesSequentially(TestNG.java:1244)
	at org.testng.TestNG.runSuitesLocally(TestNG.java:1169)
	at org.testng.TestNG.run(TestNG.java:1064)
	at org.testng.remote.RemoteTestNG.run(RemoteTestNG.java:113)
	at org.testng.remote.RemoteTestNG.initAndRun(RemoteTestNG.java:206)
	at org.testng.remote.RemoteTestNG.main(RemoteTestNG.java:177)
</div></td></tr></table><p class="totop"><a href="#summary">back to summary</a></p><h3 id="m2">src.DataStructures.BStTreeTest#postOrderTraverse</h3><table class="result"><tr><th>Exception</th></tr><tr><td><div class="stacktrace">java.lang.Error: Unresolved compilation problems: 
	node cannot be resolved to a variable
	inorderList cannot be resolved to a variable

	at src.DataStructures.BStTreeTest.postOrderTraverse(BStTreeTest.java:60)
	at sun.reflect.NativeMethodAccessorImpl.invoke0(Native Method)
	at sun.reflect.NativeMethodAccessorImpl.invoke(NativeMethodAccessorImpl.java:62)
	at sun.reflect.DelegatingMethodAccessorImpl.invoke(DelegatingMethodAccessorImpl.java:43)
	at java.lang.reflect.Method.invoke(Method.java:497)
	at org.testng.internal.MethodInvocationHelper.invokeMethod(MethodInvocationHelper.java:86)
	at org.testng.internal.Invoker.invokeMethod(Invoker.java:645)
	at org.testng.internal.Invoker.invokeTestMethod(Invoker.java:822)
	at org.testng.internal.Invoker.invokeTestMethods(Invoker.java:1130)
	at org.testng.internal.TestMethodWorker.invokeTestMethods(TestMethodWorker.java:129)
	at org.testng.internal.TestMethodWorker.run(TestMethodWorker.java:112)
	at org.testng.TestRunner.privateRun(TestRunner.java:782)
	at org.testng.TestRunner.run(TestRunner.java:632)
	at org.testng.SuiteRunner.runTest(SuiteRunner.java:366)
	at org.testng.SuiteRunner.runSequentially(SuiteRunner.java:361)
	at org.testng.SuiteRunner.privateRun(SuiteRunner.java:319)
	at org.testng.SuiteRunner.run(SuiteRunner.java:268)
	at org.testng.SuiteRunnerWorker.runSuite(SuiteRunnerWorker.java:52)
	at org.testng.SuiteRunnerWorker.run(SuiteRunnerWorker.java:86)
	at org.testng.TestNG.runSuitesSequentially(TestNG.java:1244)
	at org.testng.TestNG.runSuitesLocally(TestNG.java:1169)
	at org.testng.TestNG.run(TestNG.java:1064)
	at org.testng.remote.RemoteTestNG.run(RemoteTestNG.java:113)
	at org.testng.remote.RemoteTestNG.initAndRun(RemoteTestNG.java:206)
	at org.testng.remote.RemoteTestNG.main(RemoteTestNG.java:177)
</div></td></tr></table><p class="totop"><a href="#summary">back to summary</a></p><h3 id="m3">src.DataStructures.BStTreeTest#preOrderTraverse</h3><table class="result"><tr><th>Exception</th></tr><tr><td><div class="stacktrace">java.lang.RuntimeException: Test not implemented
	at src.DataStructures.BStTreeTest.preOrderTraverse(BStTreeTest.java:65)
	at sun.reflect.NativeMethodAccessorImpl.invoke0(Native Method)
	at sun.reflect.NativeMethodAccessorImpl.invoke(NativeMethodAccessorImpl.java:62)
	at sun.reflect.DelegatingMethodAccessorImpl.invoke(DelegatingMethodAccessorImpl.java:43)
	at java.lang.reflect.Method.invoke(Method.java:497)
	at org.testng.internal.MethodInvocationHelper.invokeMethod(MethodInvocationHelper.java:86)
	at org.testng.internal.Invoker.invokeMethod(Invoker.java:645)
	at org.testng.internal.Invoker.invokeTestMethod(Invoker.java:822)
	at org.testng.internal.Invoker.invokeTestMethods(Invoker.java:1130)
	at org.testng.internal.TestMethodWorker.invokeTestMethods(TestMethodWorker.java:129)
	at org.testng.internal.TestMethodWorker.run(TestMethodWorker.java:112)
	at org.testng.TestRunner.privateRun(TestRunner.java:782)
	at org.testng.TestRunner.run(TestRunner.java:632)
	at org.testng.SuiteRunner.runTest(SuiteRunner.java:366)
	at org.testng.SuiteRunner.runSequentially(SuiteRunner.java:361)
	at org.testng.SuiteRunner.privateRun(SuiteRunner.java:319)
	at org.testng.SuiteRunner.run(SuiteRunner.java:268)
	at org.testng.SuiteRunnerWorker.runSuite(SuiteRunnerWorker.java:52)
	at org.testng.SuiteRunnerWorker.run(SuiteRunnerWorker.java:86)
	at org.testng.TestNG.runSuitesSequentially(TestNG.java:1244)
	at org.testng.TestNG.runSuitesLocally(TestNG.java:1169)
	at org.testng.TestNG.run(TestNG.java:1064)
	at org.testng.remote.RemoteTestNG.run(RemoteTestNG.java:113)
	at org.testng.remote.RemoteTestNG.initAndRun(RemoteTestNG.java:206)
	at org.testng.remote.RemoteTestNG.main(RemoteTestNG.java:177)
</div></td></tr></table><p class="totop"><a href="#summary">back to summary</a></p><h3 id="m4">src.DataStructures.BStTreeTest#search</h3><table class="result"><tr><th>Exception</th></tr><tr><td><div class="stacktrace">java.lang.RuntimeException: Test not implemented
	at src.DataStructures.BStTreeTest.search(BStTreeTest.java:70)
	at sun.reflect.NativeMethodAccessorImpl.invoke0(Native Method)
	at sun.reflect.NativeMethodAccessorImpl.invoke(NativeMethodAccessorImpl.java:62)
	at sun.reflect.DelegatingMethodAccessorImpl.invoke(DelegatingMethodAccessorImpl.java:43)
	at java.lang.reflect.Method.invoke(Method.java:497)
	at org.testng.internal.MethodInvocationHelper.invokeMethod(MethodInvocationHelper.java:86)
	at org.testng.internal.Invoker.invokeMethod(Invoker.java:645)
	at org.testng.internal.Invoker.invokeTestMethod(Invoker.java:822)
	at org.testng.internal.Invoker.invokeTestMethods(Invoker.java:1130)
	at org.testng.internal.TestMethodWorker.invokeTestMethods(TestMethodWorker.java:129)
	at org.testng.internal.TestMethodWorker.run(TestMethodWorker.java:112)
	at org.testng.TestRunner.privateRun(TestRunner.java:782)
	at org.testng.TestRunner.run(TestRunner.java:632)
	at org.testng.SuiteRunner.runTest(SuiteRunner.java:366)
	at org.testng.SuiteRunner.runSequentially(SuiteRunner.java:361)
	at org.testng.SuiteRunner.privateRun(SuiteRunner.java:319)
	at org.testng.SuiteRunner.run(SuiteRunner.java:268)
	at org.testng.SuiteRunnerWorker.runSuite(SuiteRunnerWorker.java:52)
	at org.testng.SuiteRunnerWorker.run(SuiteRunnerWorker.java:86)
	at org.testng.TestNG.runSuitesSequentially(TestNG.java:1244)
	at org.testng.TestNG.runSuitesLocally(TestNG.java:1169)
	at org.testng.TestNG.run(TestNG.java:1064)
	at org.testng.remote.RemoteTestNG.run(RemoteTestNG.java:113)
	at org.testng.remote.RemoteTestNG.initAndRun(RemoteTestNG.java:206)
	at org.testng.remote.RemoteTestNG.main(RemoteTestNG.java:177)
</div></td></tr></table><p class="totop"><a href="#summary">back to summary</a></p><h3 id="m5">src.DataStructures.BStTreeTest#searchRecurrsive</h3><table class="result"><tr><th>Exception</th></tr><tr><td><div class="stacktrace">java.lang.RuntimeException: Test not implemented
	at src.DataStructures.BStTreeTest.searchRecurrsive(BStTreeTest.java:75)
	at sun.reflect.NativeMethodAccessorImpl.invoke0(Native Method)
	at sun.reflect.NativeMethodAccessorImpl.invoke(NativeMethodAccessorImpl.java:62)
	at sun.reflect.DelegatingMethodAccessorImpl.invoke(DelegatingMethodAccessorImpl.java:43)
	at java.lang.reflect.Method.invoke(Method.java:497)
	at org.testng.internal.MethodInvocationHelper.invokeMethod(MethodInvocationHelper.java:86)
	at org.testng.internal.Invoker.invokeMethod(Invoker.java:645)
	at org.testng.internal.Invoker.invokeTestMethod(Invoker.java:822)
	at org.testng.internal.Invoker.invokeTestMethods(Invoker.java:1130)
	at org.testng.internal.TestMethodWorker.invokeTestMethods(TestMethodWorker.java:129)
	at org.testng.internal.TestMethodWorker.run(TestMethodWorker.java:112)
	at org.testng.TestRunner.privateRun(TestRunner.java:782)
	at org.testng.TestRunner.run(TestRunner.java:632)
	at org.testng.SuiteRunner.runTest(SuiteRunner.java:366)
	at org.testng.SuiteRunner.runSequentially(SuiteRunner.java:361)
	at org.testng.SuiteRunner.privateRun(SuiteRunner.java:319)
	at org.testng.SuiteRunner.run(SuiteRunner.java:268)
	at org.testng.SuiteRunnerWorker.runSuite(SuiteRunnerWorker.java:52)
	at org.testng.SuiteRunnerWorker.run(SuiteRunnerWorker.java:86)
	at org.testng.TestNG.runSuitesSequentially(TestNG.java:1244)
	at org.testng.TestNG.runSuitesLocally(TestNG.java:1169)
	at org.testng.TestNG.run(TestNG.java:1064)
	at org.testng.remote.RemoteTestNG.run(RemoteTestNG.java:113)
	at org.testng.remote.RemoteTestNG.initAndRun(RemoteTestNG.java:206)
	at org.testng.remote.RemoteTestNG.main(RemoteTestNG.java:177)
</div></td></tr></table><p class="totop"><a href="#summary">back to summary</a></p><h3 id="m6">src.DataStructures.BStTreeTest#inorder</h3><table class="result"><tr class="param"><th>Parameter #1</th></tr><tr class="param stripe"><td>6</td></tr></table><p class="totop"><a href="#summary">back to summary</a></p><h3 id="m7">src.DataStructures.BStTreeTest#inorder</h3><table class="result"><tr class="param"><th>Parameter #1</th></tr><tr class="param stripe"><td>10</td></tr></table><p class="totop"><a href="#summary">back to summary</a></p><h3 id="m8">src.DataStructures.BStTreeTest#inorder</h3><table class="result"><tr class="param"><th>Parameter #1</th></tr><tr class="param stripe"><td>17</td></tr></table><p class="totop"><a href="#summary">back to summary</a></p><h3 id="m9">src.DataStructures.BStTreeTest#inorder</h3><table class="result"><tr class="param"><th>Parameter #1</th></tr><tr class="param stripe"><td>8</td></tr></table><p class="totop"><a href="#summary">back to summary</a></p><h3 id="m10">src.DataStructures.BStTreeTest#inorder</h3><table class="result"><tr class="param"><th>Parameter #1</th></tr><tr class="param stripe"><td>13</td></tr></table><p class="totop"><a href="#summary">back to summary</a></p><h3 id="m11">src.DataStructures.BStTreeTest#inorder</h3><table class="result"><tr class="param"><th>Parameter #1</th></tr><tr class="param stripe"><td>11</td></tr></table><p class="totop"><a href="#summary">back to summary</a></p><h3 id="m12">src.DataStructures.BStTreeTest#inorder</h3><table class="result"><tr class="param"><th>Parameter #1</th></tr><tr class="param stripe"><td>9</td></tr></table><p class="totop"><a href="#summary">back to summary</a></p><h3 id="m13">src.DataStructures.BStTreeTest#insert</h3><table class="result"><tr class="param"><th>Parameter #1</th></tr><tr class="param stripe"><td>10</td></tr></table><p class="totop"><a href="#summary">back to summary</a></p><h3 id="m14">src.DataStructures.BStTreeTest#insert</h3><table class="result"><tr class="param"><th>Parameter #1</th></tr><tr class="param stripe"><td>6</td></tr></table><p class="totop"><a href="#summary">back to summary</a></p><h3 id="m15">src.DataStructures.BStTreeTest#insert</h3><table class="result"><tr class="param"><th>Parameter #1</th></tr><tr class="param stripe"><td>17</td></tr></table><p class="totop"><a href="#summary">back to summary</a></p><h3 id="m16">src.DataStructures.BStTreeTest#insert</h3><table class="result"><tr class="param"><th>Parameter #1</th></tr><tr class="param stripe"><td>9</td></tr></table><p class="totop"><a href="#summary">back to summary</a></p><h3 id="m17">src.DataStructures.BStTreeTest#insert</h3><table class="result"><tr class="param"><th>Parameter #1</th></tr><tr class="param stripe"><td>8</td></tr></table><p class="totop"><a href="#summary">back to summary</a></p><h3 id="m18">src.DataStructures.BStTreeTest#insert</h3><table class="result"><tr class="param"><th>Parameter #1</th></tr><tr class="param stripe"><td>13</td></tr></table><p class="totop"><a href="#summary">back to summary</a></p><h3 id="m19">src.DataStructures.BStTreeTest#insert</h3><table class="result"><tr class="param"><th>Parameter #1</th></tr><tr class="param stripe"><td>11</td></tr></table><p class="totop"><a href="#summary">back to summary</a></p></body></html>