<?xml version="1.0" encoding="UTF-8"?>
<testng-results skipped="0" failed="6" total="20" passed="14">
  <reporter-output>
  </reporter-output>
  <suite name="Default suite" duration-ms="79" started-at="2016-10-13T07:28:15Z" finished-at="2016-10-13T07:28:15Z">
    <groups>
    </groups>
    <test name="Default test" duration-ms="79" started-at="2016-10-13T07:28:15Z" finished-at="2016-10-13T07:28:15Z">
      <class name="src.DataStructures.BStTreeTest">
        <test-method status="FAIL" signature="f(java.lang.Integer, java.lang.String)[pri:0, instance:src.DataStructures.BStTreeTest@2ac1fdc4]" name="f" duration-ms="6" started-at="2016-10-13T00:28:15Z" data-provider="dp" finished-at="2016-10-13T00:28:15Z">
          <exception class="org.testng.TestNGException">
            <message>
              <![CDATA[
The data provider is trying to pass 1 parameters but the method src.DataStructures.BStTreeTest#f takes 2 and TestNG is unable in inject a suitable object]]>
            </message>
            <full-stacktrace>
              <![CDATA[org.testng.TestNGException: 
The data provider is trying to pass 1 parameters but the method src.DataStructures.BStTreeTest#f takes 2 and TestNG is unable in inject a suitable object
	at org.testng.internal.Invoker.injectParameters(Invoker.java:1255)
	at org.testng.internal.Invoker.invokeTestMethods(Invoker.java:1124)
	at org.testng.internal.TestMethodWorker.invokeTestMethods(TestMethodWorker.java:129)
	at org.testng.internal.TestMethodWorker.run(TestMethodWorker.java:112)
	at org.testng.TestRunner.privateRun(TestRunner.java:782)
	at org.testng.TestRunner.run(TestRunner.java:632)
	at org.testng.SuiteRunner.runTest(SuiteRunner.java:366)
	at org.testng.SuiteRunner.runSequentially(SuiteRunner.java:361)
	at org.testng.SuiteRunner.privateRun(SuiteRunner.java:319)
	at org.testng.SuiteRunner.run(SuiteRunner.java:268)
	at org.testng.SuiteRunnerWorker.runSuite(SuiteRunnerWorker.java:52)
	at org.testng.SuiteRunnerWorker.run(SuiteRunnerWorker.java:86)
	at org.testng.TestNG.runSuitesSequentially(TestNG.java:1244)
	at org.testng.TestNG.runSuitesLocally(TestNG.java:1169)
	at org.testng.TestNG.run(TestNG.java:1064)
	at org.testng.remote.RemoteTestNG.run(RemoteTestNG.java:113)
	at org.testng.remote.RemoteTestNG.initAndRun(RemoteTestNG.java:206)
	at org.testng.remote.RemoteTestNG.main(RemoteTestNG.java:177)
Caused by: java.lang.ArrayIndexOutOfBoundsException: 1
	at org.testng.internal.Invoker.injectParameters(Invoker.java:1251)
	... 17 more
]]>
            </full-stacktrace>
          </exception> <!-- org.testng.TestNGException -->
          <reporter-output>
          </reporter-output>
        </test-method> <!-- f -->
        <test-method status="PASS" signature="BeforeMethode()[pri:0, instance:src.DataStructures.BStTreeTest@2ac1fdc4]" name="BeforeMethode" is-config="true" duration-ms="6" started-at="2016-10-13T00:28:15Z" finished-at="2016-10-13T00:28:15Z">
          <reporter-output>
          </reporter-output>
        </test-method> <!-- BeforeMethode -->
        <test-method status="PASS" signature="insert(int)[pri:0, instance:src.DataStructures.BStTreeTest@2ac1fdc4]" name="insert" duration-ms="1" started-at="2016-10-13T00:28:15Z" data-provider="dp" finished-at="2016-10-13T00:28:15Z">
          <params>
            <param index="0">
              <value>
                <![CDATA[10]]>
              </value>
            </param>
          </params>
          <reporter-output>
          </reporter-output>
        </test-method> <!-- insert -->
        <test-method status="PASS" signature="BeforeMethode()[pri:0, instance:src.DataStructures.BStTreeTest@2ac1fdc4]" name="BeforeMethode" is-config="true" duration-ms="0" started-at="2016-10-13T00:28:15Z" finished-at="2016-10-13T00:28:15Z">
          <reporter-output>
          </reporter-output>
        </test-method> <!-- BeforeMethode -->
        <test-method status="PASS" signature="insert(int)[pri:0, instance:src.DataStructures.BStTreeTest@2ac1fdc4]" name="insert" duration-ms="1" started-at="2016-10-13T00:28:15Z" data-provider="dp" finished-at="2016-10-13T00:28:15Z">
          <params>
            <param index="0">
              <value>
                <![CDATA[8]]>
              </value>
            </param>
          </params>
          <reporter-output>
          </reporter-output>
        </test-method> <!-- insert -->
        <test-method status="PASS" signature="BeforeMethode()[pri:0, instance:src.DataStructures.BStTreeTest@2ac1fdc4]" name="BeforeMethode" is-config="true" duration-ms="1" started-at="2016-10-13T00:28:15Z" finished-at="2016-10-13T00:28:15Z">
          <reporter-output>
          </reporter-output>
        </test-method> <!-- BeforeMethode -->
        <test-method status="PASS" signature="insert(int)[pri:0, instance:src.DataStructures.BStTreeTest@2ac1fdc4]" name="insert" duration-ms="1" started-at="2016-10-13T00:28:15Z" data-provider="dp" finished-at="2016-10-13T00:28:15Z">
          <params>
            <param index="0">
              <value>
                <![CDATA[6]]>
              </value>
            </param>
          </params>
          <reporter-output>
          </reporter-output>
        </test-method> <!-- insert -->
        <test-method status="PASS" signature="insert(int)[pri:0, instance:src.DataStructures.BStTreeTest@2ac1fdc4]" name="insert" duration-ms="2" started-at="2016-10-13T00:28:15Z" data-provider="dp" finished-at="2016-10-13T00:28:15Z">
          <params>
            <param index="0">
              <value>
                <![CDATA[9]]>
              </value>
            </param>
          </params>
          <reporter-output>
          </reporter-output>
        </test-method> <!-- insert -->
        <test-method status="PASS" signature="BeforeMethode()[pri:0, instance:src.DataStructures.BStTreeTest@2ac1fdc4]" name="BeforeMethode" is-config="true" duration-ms="0" started-at="2016-10-13T00:28:15Z" finished-at="2016-10-13T00:28:15Z">
          <reporter-output>
          </reporter-output>
        </test-method> <!-- BeforeMethode -->
        <test-method status="PASS" signature="insert(int)[pri:0, instance:src.DataStructures.BStTreeTest@2ac1fdc4]" name="insert" duration-ms="1" started-at="2016-10-13T00:28:15Z" data-provider="dp" finished-at="2016-10-13T00:28:15Z">
          <params>
            <param index="0">
              <value>
                <![CDATA[13]]>
              </value>
            </param>
          </params>
          <reporter-output>
          </reporter-output>
        </test-method> <!-- insert -->
        <test-method status="PASS" signature="BeforeMethode()[pri:0, instance:src.DataStructures.BStTreeTest@2ac1fdc4]" name="BeforeMethode" is-config="true" duration-ms="0" started-at="2016-10-13T00:28:15Z" finished-at="2016-10-13T00:28:15Z">
          <reporter-output>
          </reporter-output>
        </test-method> <!-- BeforeMethode -->
        <test-method status="PASS" signature="BeforeMethode()[pri:0, instance:src.DataStructures.BStTreeTest@2ac1fdc4]" name="BeforeMethode" is-config="true" duration-ms="1" started-at="2016-10-13T00:28:15Z" finished-at="2016-10-13T00:28:15Z">
          <reporter-output>
          </reporter-output>
        </test-method> <!-- BeforeMethode -->
        <test-method status="PASS" signature="insert(int)[pri:0, instance:src.DataStructures.BStTreeTest@2ac1fdc4]" name="insert" duration-ms="0" started-at="2016-10-13T00:28:15Z" data-provider="dp" finished-at="2016-10-13T00:28:15Z">
          <params>
            <param index="0">
              <value>
                <![CDATA[11]]>
              </value>
            </param>
          </params>
          <reporter-output>
          </reporter-output>
        </test-method> <!-- insert -->
        <test-method status="PASS" signature="insert(int)[pri:0, instance:src.DataStructures.BStTreeTest@2ac1fdc4]" name="insert" duration-ms="0" started-at="2016-10-13T00:28:15Z" data-provider="dp" finished-at="2016-10-13T00:28:15Z">
          <params>
            <param index="0">
              <value>
                <![CDATA[17]]>
              </value>
            </param>
          </params>
          <reporter-output>
          </reporter-output>
        </test-method> <!-- insert -->
        <test-method status="PASS" signature="BeforeMethode()[pri:0, instance:src.DataStructures.BStTreeTest@2ac1fdc4]" name="BeforeMethode" is-config="true" duration-ms="0" started-at="2016-10-13T00:28:15Z" finished-at="2016-10-13T00:28:15Z">
          <reporter-output>
          </reporter-output>
        </test-method> <!-- BeforeMethode -->
        <test-method status="PASS" signature="BeforeMethode()[pri:0, instance:src.DataStructures.BStTreeTest@2ac1fdc4]" name="BeforeMethode" is-config="true" duration-ms="0" started-at="2016-10-13T00:28:15Z" finished-at="2016-10-13T00:28:15Z">
          <reporter-output>
          </reporter-output>
        </test-method> <!-- BeforeMethode -->
        <test-method status="FAIL" signature="searchRecurrsive()[pri:0, instance:src.DataStructures.BStTreeTest@2ac1fdc4]" name="searchRecurrsive" duration-ms="1" started-at="2016-10-13T00:28:15Z" finished-at="2016-10-13T00:28:15Z">
          <exception class="java.lang.RuntimeException">
            <message>
              <![CDATA[Test not implemented]]>
            </message>
            <full-stacktrace>
              <![CDATA[java.lang.RuntimeException: Test not implemented
	at src.DataStructures.BStTreeTest.searchRecurrsive(BStTreeTest.java:75)
	at sun.reflect.NativeMethodAccessorImpl.invoke0(Native Method)
	at sun.reflect.NativeMethodAccessorImpl.invoke(NativeMethodAccessorImpl.java:62)
	at sun.reflect.DelegatingMethodAccessorImpl.invoke(DelegatingMethodAccessorImpl.java:43)
	at java.lang.reflect.Method.invoke(Method.java:497)
	at org.testng.internal.MethodInvocationHelper.invokeMethod(MethodInvocationHelper.java:86)
	at org.testng.internal.Invoker.invokeMethod(Invoker.java:645)
	at org.testng.internal.Invoker.invokeTestMethod(Invoker.java:822)
	at org.testng.internal.Invoker.invokeTestMethods(Invoker.java:1130)
	at org.testng.internal.TestMethodWorker.invokeTestMethods(TestMethodWorker.java:129)
	at org.testng.internal.TestMethodWorker.run(TestMethodWorker.java:112)
	at org.testng.TestRunner.privateRun(TestRunner.java:782)
	at org.testng.TestRunner.run(TestRunner.java:632)
	at org.testng.SuiteRunner.runTest(SuiteRunner.java:366)
	at org.testng.SuiteRunner.runSequentially(SuiteRunner.java:361)
	at org.testng.SuiteRunner.privateRun(SuiteRunner.java:319)
	at org.testng.SuiteRunner.run(SuiteRunner.java:268)
	at org.testng.SuiteRunnerWorker.runSuite(SuiteRunnerWorker.java:52)
	at org.testng.SuiteRunnerWorker.run(SuiteRunnerWorker.java:86)
	at org.testng.TestNG.runSuitesSequentially(TestNG.java:1244)
	at org.testng.TestNG.runSuitesLocally(TestNG.java:1169)
	at org.testng.TestNG.run(TestNG.java:1064)
	at org.testng.remote.RemoteTestNG.run(RemoteTestNG.java:113)
	at org.testng.remote.RemoteTestNG.initAndRun(RemoteTestNG.java:206)
	at org.testng.remote.RemoteTestNG.main(RemoteTestNG.java:177)
]]>
            </full-stacktrace>
          </exception> <!-- java.lang.RuntimeException -->
          <reporter-output>
          </reporter-output>
        </test-method> <!-- searchRecurrsive -->
        <test-method status="PASS" signature="BeforeMethode()[pri:0, instance:src.DataStructures.BStTreeTest@2ac1fdc4]" name="BeforeMethode" is-config="true" duration-ms="0" started-at="2016-10-13T00:28:15Z" finished-at="2016-10-13T00:28:15Z">
          <reporter-output>
          </reporter-output>
        </test-method> <!-- BeforeMethode -->
        <test-method status="FAIL" signature="insertRecursive()[pri:0, instance:src.DataStructures.BStTreeTest@2ac1fdc4]" name="insertRecursive" duration-ms="1" started-at="2016-10-13T00:28:15Z" finished-at="2016-10-13T00:28:15Z">
          <exception class="java.lang.RuntimeException">
            <message>
              <![CDATA[Test not implemented]]>
            </message>
            <full-stacktrace>
              <![CDATA[java.lang.RuntimeException: Test not implemented
	at src.DataStructures.BStTreeTest.insertRecursive(BStTreeTest.java:55)
	at sun.reflect.NativeMethodAccessorImpl.invoke0(Native Method)
	at sun.reflect.NativeMethodAccessorImpl.invoke(NativeMethodAccessorImpl.java:62)
	at sun.reflect.DelegatingMethodAccessorImpl.invoke(DelegatingMethodAccessorImpl.java:43)
	at java.lang.reflect.Method.invoke(Method.java:497)
	at org.testng.internal.MethodInvocationHelper.invokeMethod(MethodInvocationHelper.java:86)
	at org.testng.internal.Invoker.invokeMethod(Invoker.java:645)
	at org.testng.internal.Invoker.invokeTestMethod(Invoker.java:822)
	at org.testng.internal.Invoker.invokeTestMethods(Invoker.java:1130)
	at org.testng.internal.TestMethodWorker.invokeTestMethods(TestMethodWorker.java:129)
	at org.testng.internal.TestMethodWorker.run(TestMethodWorker.java:112)
	at org.testng.TestRunner.privateRun(TestRunner.java:782)
	at org.testng.TestRunner.run(TestRunner.java:632)
	at org.testng.SuiteRunner.runTest(SuiteRunner.java:366)
	at org.testng.SuiteRunner.runSequentially(SuiteRunner.java:361)
	at org.testng.SuiteRunner.privateRun(SuiteRunner.java:319)
	at org.testng.SuiteRunner.run(SuiteRunner.java:268)
	at org.testng.SuiteRunnerWorker.runSuite(SuiteRunnerWorker.java:52)
	at org.testng.SuiteRunnerWorker.run(SuiteRunnerWorker.java:86)
	at org.testng.TestNG.runSuitesSequentially(TestNG.java:1244)
	at org.testng.TestNG.runSuitesLocally(TestNG.java:1169)
	at org.testng.TestNG.run(TestNG.java:1064)
	at org.testng.remote.RemoteTestNG.run(RemoteTestNG.java:113)
	at org.testng.remote.RemoteTestNG.initAndRun(RemoteTestNG.java:206)
	at org.testng.remote.RemoteTestNG.main(RemoteTestNG.java:177)
]]>
            </full-stacktrace>
          </exception> <!-- java.lang.RuntimeException -->
          <reporter-output>
          </reporter-output>
        </test-method> <!-- insertRecursive -->
        <test-method status="FAIL" signature="postOrderTraverse()[pri:0, instance:src.DataStructures.BStTreeTest@2ac1fdc4]" name="postOrderTraverse" duration-ms="1" started-at="2016-10-13T00:28:15Z" finished-at="2016-10-13T00:28:15Z">
          <exception class="java.lang.Error">
            <message>
              <![CDATA[Unresolved compilation problems: 
	node cannot be resolved to a variable
	inorderList cannot be resolved to a variable
]]>
            </message>
            <full-stacktrace>
              <![CDATA[java.lang.Error: Unresolved compilation problems: 
	node cannot be resolved to a variable
	inorderList cannot be resolved to a variable

	at src.DataStructures.BStTreeTest.postOrderTraverse(BStTreeTest.java:60)
	at sun.reflect.NativeMethodAccessorImpl.invoke0(Native Method)
	at sun.reflect.NativeMethodAccessorImpl.invoke(NativeMethodAccessorImpl.java:62)
	at sun.reflect.DelegatingMethodAccessorImpl.invoke(DelegatingMethodAccessorImpl.java:43)
	at java.lang.reflect.Method.invoke(Method.java:497)
	at org.testng.internal.MethodInvocationHelper.invokeMethod(MethodInvocationHelper.java:86)
	at org.testng.internal.Invoker.invokeMethod(Invoker.java:645)
	at org.testng.internal.Invoker.invokeTestMethod(Invoker.java:822)
	at org.testng.internal.Invoker.invokeTestMethods(Invoker.java:1130)
	at org.testng.internal.TestMethodWorker.invokeTestMethods(TestMethodWorker.java:129)
	at org.testng.internal.TestMethodWorker.run(TestMethodWorker.java:112)
	at org.testng.TestRunner.privateRun(TestRunner.java:782)
	at org.testng.TestRunner.run(TestRunner.java:632)
	at org.testng.SuiteRunner.runTest(SuiteRunner.java:366)
	at org.testng.SuiteRunner.runSequentially(SuiteRunner.java:361)
	at org.testng.SuiteRunner.privateRun(SuiteRunner.java:319)
	at org.testng.SuiteRunner.run(SuiteRunner.java:268)
	at org.testng.SuiteRunnerWorker.runSuite(SuiteRunnerWorker.java:52)
	at org.testng.SuiteRunnerWorker.run(SuiteRunnerWorker.java:86)
	at org.testng.TestNG.runSuitesSequentially(TestNG.java:1244)
	at org.testng.TestNG.runSuitesLocally(TestNG.java:1169)
	at org.testng.TestNG.run(TestNG.java:1064)
	at org.testng.remote.RemoteTestNG.run(RemoteTestNG.java:113)
	at org.testng.remote.RemoteTestNG.initAndRun(RemoteTestNG.java:206)
	at org.testng.remote.RemoteTestNG.main(RemoteTestNG.java:177)
]]>
            </full-stacktrace>
          </exception> <!-- java.lang.Error -->
          <reporter-output>
          </reporter-output>
        </test-method> <!-- postOrderTraverse -->
        <test-method status="PASS" signature="BeforeMethode()[pri:0, instance:src.DataStructures.BStTreeTest@2ac1fdc4]" name="BeforeMethode" is-config="true" duration-ms="0" started-at="2016-10-13T00:28:15Z" finished-at="2016-10-13T00:28:15Z">
          <reporter-output>
          </reporter-output>
        </test-method> <!-- BeforeMethode -->
        <test-method status="FAIL" signature="preOrderTraverse()[pri:0, instance:src.DataStructures.BStTreeTest@2ac1fdc4]" name="preOrderTraverse" duration-ms="1" started-at="2016-10-13T00:28:15Z" finished-at="2016-10-13T00:28:15Z">
          <exception class="java.lang.RuntimeException">
            <message>
              <![CDATA[Test not implemented]]>
            </message>
            <full-stacktrace>
              <![CDATA[java.lang.RuntimeException: Test not implemented
	at src.DataStructures.BStTreeTest.preOrderTraverse(BStTreeTest.java:65)
	at sun.reflect.NativeMethodAccessorImpl.invoke0(Native Method)
	at sun.reflect.NativeMethodAccessorImpl.invoke(NativeMethodAccessorImpl.java:62)
	at sun.reflect.DelegatingMethodAccessorImpl.invoke(DelegatingMethodAccessorImpl.java:43)
	at java.lang.reflect.Method.invoke(Method.java:497)
	at org.testng.internal.MethodInvocationHelper.invokeMethod(MethodInvocationHelper.java:86)
	at org.testng.internal.Invoker.invokeMethod(Invoker.java:645)
	at org.testng.internal.Invoker.invokeTestMethod(Invoker.java:822)
	at org.testng.internal.Invoker.invokeTestMethods(Invoker.java:1130)
	at org.testng.internal.TestMethodWorker.invokeTestMethods(TestMethodWorker.java:129)
	at org.testng.internal.TestMethodWorker.run(TestMethodWorker.java:112)
	at org.testng.TestRunner.privateRun(TestRunner.java:782)
	at org.testng.TestRunner.run(TestRunner.java:632)
	at org.testng.SuiteRunner.runTest(SuiteRunner.java:366)
	at org.testng.SuiteRunner.runSequentially(SuiteRunner.java:361)
	at org.testng.SuiteRunner.privateRun(SuiteRunner.java:319)
	at org.testng.SuiteRunner.run(SuiteRunner.java:268)
	at org.testng.SuiteRunnerWorker.runSuite(SuiteRunnerWorker.java:52)
	at org.testng.SuiteRunnerWorker.run(SuiteRunnerWorker.java:86)
	at org.testng.TestNG.runSuitesSequentially(TestNG.java:1244)
	at org.testng.TestNG.runSuitesLocally(TestNG.java:1169)
	at org.testng.TestNG.run(TestNG.java:1064)
	at org.testng.remote.RemoteTestNG.run(RemoteTestNG.java:113)
	at org.testng.remote.RemoteTestNG.initAndRun(RemoteTestNG.java:206)
	at org.testng.remote.RemoteTestNG.main(RemoteTestNG.java:177)
]]>
            </full-stacktrace>
          </exception> <!-- java.lang.RuntimeException -->
          <reporter-output>
          </reporter-output>
        </test-method> <!-- preOrderTraverse -->
        <test-method status="PASS" signature="BeforeMethode()[pri:0, instance:src.DataStructures.BStTreeTest@2ac1fdc4]" name="BeforeMethode" is-config="true" duration-ms="0" started-at="2016-10-13T00:28:15Z" finished-at="2016-10-13T00:28:15Z">
          <reporter-output>
          </reporter-output>
        </test-method> <!-- BeforeMethode -->
        <test-method status="PASS" signature="BeforeMethode()[pri:0, instance:src.DataStructures.BStTreeTest@2ac1fdc4]" name="BeforeMethode" is-config="true" duration-ms="2" started-at="2016-10-13T00:28:15Z" finished-at="2016-10-13T00:28:15Z">
          <reporter-output>
          </reporter-output>
        </test-method> <!-- BeforeMethode -->
        <test-method status="FAIL" signature="search()[pri:0, instance:src.DataStructures.BStTreeTest@2ac1fdc4]" name="search" duration-ms="1" started-at="2016-10-13T00:28:15Z" finished-at="2016-10-13T00:28:15Z">
          <exception class="java.lang.RuntimeException">
            <message>
              <![CDATA[Test not implemented]]>
            </message>
            <full-stacktrace>
              <![CDATA[java.lang.RuntimeException: Test not implemented
	at src.DataStructures.BStTreeTest.search(BStTreeTest.java:70)
	at sun.reflect.NativeMethodAccessorImpl.invoke0(Native Method)
	at sun.reflect.NativeMethodAccessorImpl.invoke(NativeMethodAccessorImpl.java:62)
	at sun.reflect.DelegatingMethodAccessorImpl.invoke(DelegatingMethodAccessorImpl.java:43)
	at java.lang.reflect.Method.invoke(Method.java:497)
	at org.testng.internal.MethodInvocationHelper.invokeMethod(MethodInvocationHelper.java:86)
	at org.testng.internal.Invoker.invokeMethod(Invoker.java:645)
	at org.testng.internal.Invoker.invokeTestMethod(Invoker.java:822)
	at org.testng.internal.Invoker.invokeTestMethods(Invoker.java:1130)
	at org.testng.internal.TestMethodWorker.invokeTestMethods(TestMethodWorker.java:129)
	at org.testng.internal.TestMethodWorker.run(TestMethodWorker.java:112)
	at org.testng.TestRunner.privateRun(TestRunner.java:782)
	at org.testng.TestRunner.run(TestRunner.java:632)
	at org.testng.SuiteRunner.runTest(SuiteRunner.java:366)
	at org.testng.SuiteRunner.runSequentially(SuiteRunner.java:361)
	at org.testng.SuiteRunner.privateRun(SuiteRunner.java:319)
	at org.testng.SuiteRunner.run(SuiteRunner.java:268)
	at org.testng.SuiteRunnerWorker.runSuite(SuiteRunnerWorker.java:52)
	at org.testng.SuiteRunnerWorker.run(SuiteRunnerWorker.java:86)
	at org.testng.TestNG.runSuitesSequentially(TestNG.java:1244)
	at org.testng.TestNG.runSuitesLocally(TestNG.java:1169)
	at org.testng.TestNG.run(TestNG.java:1064)
	at org.testng.remote.RemoteTestNG.run(RemoteTestNG.java:113)
	at org.testng.remote.RemoteTestNG.initAndRun(RemoteTestNG.java:206)
	at org.testng.remote.RemoteTestNG.main(RemoteTestNG.java:177)
]]>
            </full-stacktrace>
          </exception> <!-- java.lang.RuntimeException -->
          <reporter-output>
          </reporter-output>
        </test-method> <!-- search -->
        <test-method status="PASS" signature="BeforeMethode()[pri:0, instance:src.DataStructures.BStTreeTest@2ac1fdc4]" name="BeforeMethode" is-config="true" duration-ms="0" started-at="2016-10-13T00:28:15Z" finished-at="2016-10-13T00:28:15Z">
          <reporter-output>
          </reporter-output>
        </test-method> <!-- BeforeMethode -->
        <test-method status="PASS" signature="inorder(int)[pri:0, instance:src.DataStructures.BStTreeTest@2ac1fdc4]" name="inorder" duration-ms="1" started-at="2016-10-13T00:28:15Z" data-provider="dp" depends-on-methods="src.DataStructures.BStTreeTest.insert" finished-at="2016-10-13T00:28:15Z">
          <params>
            <param index="0">
              <value>
                <![CDATA[10]]>
              </value>
            </param>
          </params>
          <reporter-output>
          </reporter-output>
        </test-method> <!-- inorder -->
        <test-method status="PASS" signature="BeforeMethode()[pri:0, instance:src.DataStructures.BStTreeTest@2ac1fdc4]" name="BeforeMethode" is-config="true" duration-ms="1" started-at="2016-10-13T00:28:15Z" finished-at="2016-10-13T00:28:15Z">
          <reporter-output>
          </reporter-output>
        </test-method> <!-- BeforeMethode -->
        <test-method status="PASS" signature="inorder(int)[pri:0, instance:src.DataStructures.BStTreeTest@2ac1fdc4]" name="inorder" duration-ms="0" started-at="2016-10-13T00:28:15Z" data-provider="dp" depends-on-methods="src.DataStructures.BStTreeTest.insert" finished-at="2016-10-13T00:28:15Z">
          <params>
            <param index="0">
              <value>
                <![CDATA[8]]>
              </value>
            </param>
          </params>
          <reporter-output>
          </reporter-output>
        </test-method> <!-- inorder -->
        <test-method status="PASS" signature="inorder(int)[pri:0, instance:src.DataStructures.BStTreeTest@2ac1fdc4]" name="inorder" duration-ms="1" started-at="2016-10-13T00:28:15Z" data-provider="dp" depends-on-methods="src.DataStructures.BStTreeTest.insert" finished-at="2016-10-13T00:28:15Z">
          <params>
            <param index="0">
              <value>
                <![CDATA[6]]>
              </value>
            </param>
          </params>
          <reporter-output>
          </reporter-output>
        </test-method> <!-- inorder -->
        <test-method status="PASS" signature="BeforeMethode()[pri:0, instance:src.DataStructures.BStTreeTest@2ac1fdc4]" name="BeforeMethode" is-config="true" duration-ms="0" started-at="2016-10-13T00:28:15Z" finished-at="2016-10-13T00:28:15Z">
          <reporter-output>
          </reporter-output>
        </test-method> <!-- BeforeMethode -->
        <test-method status="PASS" signature="BeforeMethode()[pri:0, instance:src.DataStructures.BStTreeTest@2ac1fdc4]" name="BeforeMethode" is-config="true" duration-ms="5" started-at="2016-10-13T00:28:15Z" finished-at="2016-10-13T00:28:15Z">
          <reporter-output>
          </reporter-output>
        </test-method> <!-- BeforeMethode -->
        <test-method status="PASS" signature="inorder(int)[pri:0, instance:src.DataStructures.BStTreeTest@2ac1fdc4]" name="inorder" duration-ms="1" started-at="2016-10-13T00:28:15Z" data-provider="dp" depends-on-methods="src.DataStructures.BStTreeTest.insert" finished-at="2016-10-13T00:28:15Z">
          <params>
            <param index="0">
              <value>
                <![CDATA[9]]>
              </value>
            </param>
          </params>
          <reporter-output>
          </reporter-output>
        </test-method> <!-- inorder -->
        <test-method status="PASS" signature="BeforeMethode()[pri:0, instance:src.DataStructures.BStTreeTest@2ac1fdc4]" name="BeforeMethode" is-config="true" duration-ms="1" started-at="2016-10-13T00:28:15Z" finished-at="2016-10-13T00:28:15Z">
          <reporter-output>
          </reporter-output>
        </test-method> <!-- BeforeMethode -->
        <test-method status="PASS" signature="inorder(int)[pri:0, instance:src.DataStructures.BStTreeTest@2ac1fdc4]" name="inorder" duration-ms="0" started-at="2016-10-13T00:28:15Z" data-provider="dp" depends-on-methods="src.DataStructures.BStTreeTest.insert" finished-at="2016-10-13T00:28:15Z">
          <params>
            <param index="0">
              <value>
                <![CDATA[13]]>
              </value>
            </param>
          </params>
          <reporter-output>
          </reporter-output>
        </test-method> <!-- inorder -->
        <test-method status="PASS" signature="BeforeMethode()[pri:0, instance:src.DataStructures.BStTreeTest@2ac1fdc4]" name="BeforeMethode" is-config="true" duration-ms="0" started-at="2016-10-13T00:28:15Z" finished-at="2016-10-13T00:28:15Z">
          <reporter-output>
          </reporter-output>
        </test-method> <!-- BeforeMethode -->
        <test-method status="PASS" signature="inorder(int)[pri:0, instance:src.DataStructures.BStTreeTest@2ac1fdc4]" name="inorder" duration-ms="1" started-at="2016-10-13T00:28:15Z" data-provider="dp" depends-on-methods="src.DataStructures.BStTreeTest.insert" finished-at="2016-10-13T00:28:15Z">
          <params>
            <param index="0">
              <value>
                <![CDATA[11]]>
              </value>
            </param>
          </params>
          <reporter-output>
          </reporter-output>
        </test-method> <!-- inorder -->
        <test-method status="PASS" signature="BeforeMethode()[pri:0, instance:src.DataStructures.BStTreeTest@2ac1fdc4]" name="BeforeMethode" is-config="true" duration-ms="2" started-at="2016-10-13T00:28:15Z" finished-at="2016-10-13T00:28:15Z">
          <reporter-output>
          </reporter-output>
        </test-method> <!-- BeforeMethode -->
        <test-method status="PASS" signature="inorder(int)[pri:0, instance:src.DataStructures.BStTreeTest@2ac1fdc4]" name="inorder" duration-ms="1" started-at="2016-10-13T00:28:15Z" data-provider="dp" depends-on-methods="src.DataStructures.BStTreeTest.insert" finished-at="2016-10-13T00:28:15Z">
          <params>
            <param index="0">
              <value>
                <![CDATA[17]]>
              </value>
            </param>
          </params>
          <reporter-output>
          </reporter-output>
        </test-method> <!-- inorder -->
      </class> <!-- src.DataStructures.BStTreeTest -->
    </test> <!-- Default test -->
  </suite> <!-- Default suite -->
</testng-results>
